Reading package lists...
Reading package lists...
Building dependency tree...
Reading state information...
python3 is already the newest version (3.7.2-1).
python3 set to manually installed.
python3-pip is already the newest version (18.1-5).
python3-pip set to manually installed.
0 upgraded, 0 newly installed, 0 to remove and 25 not upgraded.
Reading package lists...
Building dependency tree...
Reading state information...
php is already the newest version (2:7.3+69).
php set to manually installed.
0 upgraded, 0 newly installed, 0 to remove and 25 not upgraded.
Reading package lists...
Building dependency tree...
Reading state information...
The following NEW packages will be installed:
  ssh
0 upgraded, 1 newly installed, 0 to remove and 25 not upgraded.
Need to get 202 kB of archives.
After this operation, 220 kB of additional disk space will be used.
Err:1 http://http.kali.org/kali kali-rolling/main amd64 ssh all 1:7.9p1-10
  404  Not Found [IP: 192.99.200.113 80]
E: Failed to fetch http://http.kali.org/kali/pool/main/o/openssh/ssh_7.9p1-10_all.deb  404  Not Found [IP: 192.99.200.113 80]
E: Unable to fetch some archives, maybe run apt-get update or try with --fix-missing?
Requirement already satisfied: requests in /usr/lib/python3/dist-packages (2.21.0)
